Using pre-set license
Built from '2021.3/staging' branch; Version is '2021.3.1f1 (3b70a0754835) revision 3895456'; Using compiler version '192829333'; Build Type 'Release'
OS: 'Windows 10  (10.0.19044) 64bit Core' Language: 'es' Physical Memory: 16322 MB
BatchMode: 1, IsHumanControllingUs: 0, StartBugReporterOnCrash: 0, Is64bit: 1, IsPro: 1

COMMAND LINE ARGUMENTS:
C:\Program Files\Unity\Hub\Editor\2021.3.1f1\Editor\Unity.exe
-adb2
-batchMode
-noUpm
-name
AssetImportWorker0
-projectPath
D:/Escritorio/Audio-Demo-Scene/DemoScene
-logFile
Logs/AssetImportWorker0.log
-srvPort
65377
Successfully changed project path to: D:/Escritorio/Audio-Demo-Scene/DemoScene
D:/Escritorio/Audio-Demo-Scene/DemoScene
[UnityMemory] Configuration Parameters - Can be set up in boot.config
    "memorysetup-bucket-allocator-granularity=16"
    "memorysetup-bucket-allocator-bucket-count=8"
    "memorysetup-bucket-allocator-block-size=33554432"
    "memorysetup-bucket-allocator-block-count=8"
    "memorysetup-main-allocator-block-size=16777216"
    "memorysetup-thread-allocator-block-size=16777216"
    "memorysetup-gfx-main-allocator-block-size=16777216"
    "memorysetup-gfx-thread-allocator-block-size=16777216"
    "memorysetup-cache-allocator-block-size=4194304"
    "memorysetup-typetree-allocator-block-size=2097152"
    "memorysetup-profiler-bucket-allocator-granularity=16"
    "memorysetup-profiler-bucket-allocator-bucket-count=8"
    "memorysetup-profiler-bucket-allocator-block-size=33554432"
    "memorysetup-profiler-bucket-allocator-block-count=8"
    "memorysetup-profiler-allocator-block-size=16777216"
    "memorysetup-profiler-editor-allocator-block-size=1048576"
    "memorysetup-temp-allocator-size-main=16777216"
    "memorysetup-job-temp-allocator-block-size=2097152"
    "memorysetup-job-temp-allocator-block-size-background=1048576"
    "memorysetup-job-temp-allocator-reduction-small-platforms=262144"
    "memorysetup-temp-allocator-size-background-worker=32768"
    "memorysetup-temp-allocator-size-job-worker=262144"
    "memorysetup-temp-allocator-size-preload-manager=33554432"
    "memorysetup-temp-allocator-size-nav-mesh-worker=65536"
    "memorysetup-temp-allocator-size-audio-worker=65536"
    "memorysetup-temp-allocator-size-cloud-worker=32768"
    "memorysetup-temp-allocator-size-gi-baking-worker=262144"
    "memorysetup-temp-allocator-size-gfx=262144"
Refreshing native plugins compatible for Editor in 44.41 ms, found 2 plugins.
Preloading 0 native plugins for Editor in 0.00 ms.
Initialize engine version: 2021.3.1f1 (3b70a0754835)
[Subsystems] Discovering subsystems at path C:/Program Files/Unity/Hub/Editor/2021.3.1f1/Editor/Data/Resources/UnitySubsystems
[Subsystems] Discovering subsystems at path D:/Escritorio/Audio-Demo-Scene/DemoScene/Assets
GfxDevice: creating device client; threaded=0; jobified=0
Direct3D:
    Version:  Direct3D 11.0 [level 11.1]
    Renderer: NVIDIA GeForce GTX 970 (ID=0x13c2)
    Vendor:   NVIDIA
    VRAM:     4043 MB
    Driver:   30.0.14.7212
Initialize mono
Mono path[0] = 'C:/Program Files/Unity/Hub/Editor/2021.3.1f1/Editor/Data/Managed'
Mono path[1] = 'C:/Program Files/Unity/Hub/Editor/2021.3.1f1/Editor/Data/MonoBleedingEdge/lib/mono/unityjit-win32'
Mono config path = 'C:/Program Files/Unity/Hub/Editor/2021.3.1f1/Editor/Data/MonoBleedingEdge/etc'
Using monoOptions --debugger-agent=transport=dt_socket,embedding=1,server=y,suspend=n,address=127.0.0.1:56768
Begin MonoManager ReloadAssembly
Registering precompiled unity dll's ...
Register platform support module: C:/Program Files/Unity/Hub/Editor/2021.3.1f1/Editor/Data/PlaybackEngines/WindowsStandaloneSupport/UnityEditor.WindowsStandalone.Extensions.dll
Registered in 0.055588 seconds.
Native extension for WindowsStandalone target not found
Refreshing native plugins compatible for Editor in 41.66 ms, found 2 plugins.
Preloading 0 native plugins for Editor in 0.00 ms.
Mono: successfully reloaded assembly
- Completed reload, in  0.947 seconds
Domain Reload Profiling:
	ReloadAssembly (947ms)
		BeginReloadAssembly (115ms)
			ExecutionOrderSort (0ms)
			DisableScriptedObjects (0ms)
			BackupInstance (0ms)
			ReleaseScriptingObjects (0ms)
			CreateAndSetChildDomain (1ms)
		EndReloadAssembly (573ms)
			LoadAssemblies (111ms)
			RebuildTransferFunctionScriptingTraits (0ms)
			SetupTypeCache (149ms)
			ReleaseScriptCaches (0ms)
			RebuildScriptCaches (36ms)
			SetupLoadedEditorAssemblies (311ms)
				LogAssemblyErrors (0ms)
				InitializePlatformSupportModulesInManaged (13ms)
				SetLoadedEditorAssemblies (0ms)
				RefreshPlugins (42ms)
				BeforeProcessingInitializeOnLoad (2ms)
				ProcessInitializeOnLoadAttributes (197ms)
				ProcessInitializeOnLoadMethodAttributes (57ms)
				AfterProcessingInitializeOnLoad (0ms)
				EditorAssembliesLoaded (0ms)
			ExecutionOrderSort2 (0ms)
			AwakeInstancesAfterBackupRestoration (0ms)
Platform modules already initialized, skipping
Registering precompiled user dll's ...
Registered in 0.004613 seconds.
Begin MonoManager ReloadAssembly
Symbol file LoadedFromMemory is not a mono symbol file
Native extension for WindowsStandalone target not found
Refreshing native plugins compatible for Editor in 0.53 ms, found 2 plugins.
Preloading 0 native plugins for Editor in 0.00 ms.
Mono: successfully reloaded assembly
- Completed reload, in  1.159 seconds
Domain Reload Profiling:
	ReloadAssembly (1160ms)
		BeginReloadAssembly (166ms)
			ExecutionOrderSort (0ms)
			DisableScriptedObjects (7ms)
			BackupInstance (0ms)
			ReleaseScriptingObjects (0ms)
			CreateAndSetChildDomain (24ms)
		EndReloadAssembly (838ms)
			LoadAssemblies (139ms)
			RebuildTransferFunctionScriptingTraits (0ms)
			SetupTypeCache (240ms)
			ReleaseScriptCaches (0ms)
			RebuildScriptCaches (56ms)
			SetupLoadedEditorAssemblies (374ms)
				LogAssemblyErrors (0ms)
				InitializePlatformSupportModulesInManaged (10ms)
				SetLoadedEditorAssemblies (1ms)
				RefreshPlugins (1ms)
				BeforeProcessingInitializeOnLoad (68ms)
				ProcessInitializeOnLoadAttributes (244ms)
				ProcessInitializeOnLoadMethodAttributes (30ms)
				AfterProcessingInitializeOnLoad (21ms)
				EditorAssembliesLoaded (0ms)
			ExecutionOrderSort2 (0ms)
			AwakeInstancesAfterBackupRestoration (9ms)
Platform modules already initialized, skipping
========================================================================
Worker process is ready to serve import requests
Launched and connected shader compiler UnityShaderCompiler.exe after 0.11 seconds
Refreshing native plugins compatible for Editor in 0.50 ms, found 2 plugins.
Preloading 0 native plugins for Editor in 0.00 ms.
Unloading 1577 Unused Serialized files (Serialized files now loaded: 0)
Unloading 16 unused Assets / (57.7 KB). Loaded Objects now: 2053.
Memory consumption went from 74.3 MB to 74.3 MB.
Total: 3.181800 ms (FindLiveObjects: 0.177300 ms CreateObjectMapping: 0.103000 ms MarkObjects: 2.775000 ms  DeleteObjects: 0.125400 ms)

AssetImportParameters requested are different than current active one (requested -> active):
  custom:video-decoder-ogg-theora: a1e56fd34408186e4bbccfd4996cb3dc -> 
  custom:container-muxer-webm: aa71ff27fc2769a1b78a27578f13a17b -> 
  custom:container-demuxer-webm: 4f35f7cbe854078d1ac9338744f61a02 -> 
  custom:video-encoder-webm-vp8: eb34c28f22e8b96e1ab97ce403110664 -> 
  custom:audio-encoder-webm-vorbis: bf7c407c2cedff20999df2af8eb42d56 -> 
  custom:framework-win-MediaFoundation: 216162199b28c13a410421893ffa2e32 -> 
  custom:container-demuxer-ogg: 62fdf1f143b41e24485cea50d1cbac27 -> 
  custom:video-decoder-webm-vp8: 9c59270c3fd7afecdb556c50c9e8de78 -> 
  custom:audio-decoder-ogg-vorbis: bf7c407c2cedff20999df2af8eb42d56 -> 
========================================================================
Received Import Request.
  Time since last request: 526719.490919 seconds.
  path: Assets/fogOfWarPlane.fbx
  artifactKey: Guid(476c6a946821ade41bc06c076adb5ba2) Importer(815301076,1909f56bfc062723c751e8b465ee728b)
Start importing Assets/fogOfWarPlane.fbx using Guid(476c6a946821ade41bc06c076adb5ba2) Importer(815301076,1909f56bfc062723c751e8b465ee728b)  -> (artifact id: '1af57671bc3cc313a9773109d8c24008') in 0.202630 seconds 
========================================================================
Received Import Request.
  Time since last request: 0.000021 seconds.
  path: Assets/plane.fbx
  artifactKey: Guid(a8468f475212c264cb32a7bbc8ff7223) Importer(815301076,1909f56bfc062723c751e8b465ee728b)
Start importing Assets/plane.fbx using Guid(a8468f475212c264cb32a7bbc8ff7223) Importer(815301076,1909f56bfc062723c751e8b465ee728b)  -> (artifact id: '7e53827d329239d2df002b5b8cde11f3') in 0.037284 seconds 
========================================================================
Received Prepare
Registering precompiled user dll's ...
Registered in 0.006581 seconds.
Begin MonoManager ReloadAssembly
Symbol file LoadedFromMemory is not a mono symbol file
Native extension for WindowsStandalone target not found
Refreshing native plugins compatible for Editor in 1.34 ms, found 2 plugins.
Preloading 0 native plugins for Editor in 0.00 ms.
Mono: successfully reloaded assembly
- Completed reload, in  2.245 seconds
Domain Reload Profiling:
	ReloadAssembly (2246ms)
		BeginReloadAssembly (396ms)
			ExecutionOrderSort (0ms)
			DisableScriptedObjects (7ms)
			BackupInstance (0ms)
			ReleaseScriptingObjects (0ms)
			CreateAndSetChildDomain (39ms)
		EndReloadAssembly (1706ms)
			LoadAssemblies (353ms)
			RebuildTransferFunctionScriptingTraits (0ms)
			SetupTypeCache (302ms)
			ReleaseScriptCaches (1ms)
			RebuildScriptCaches (121ms)
			SetupLoadedEditorAssemblies (823ms)
				LogAssemblyErrors (0ms)
				InitializePlatformSupportModulesInManaged (78ms)
				SetLoadedEditorAssemblies (2ms)
				RefreshPlugins (1ms)
				BeforeProcessingInitializeOnLoad (175ms)
				ProcessInitializeOnLoadAttributes (475ms)
				ProcessInitializeOnLoadMethodAttributes (56ms)
				AfterProcessingInitializeOnLoad (36ms)
				EditorAssembliesLoaded (0ms)
			ExecutionOrderSort2 (0ms)
			AwakeInstancesAfterBackupRestoration (19ms)
Platform modules already initialized, skipping
Refreshing native plugins compatible for Editor in 5.67 ms, found 2 plugins.
Preloading 0 native plugins for Editor in 0.00 ms.
Unloading 1566 Unused Serialized files (Serialized files now loaded: 0)
Unloading 9 unused Assets / (24.5 KB). Loaded Objects now: 2066.
Memory consumption went from 77.7 MB to 77.7 MB.
Total: 7.171600 ms (FindLiveObjects: 0.186900 ms CreateObjectMapping: 0.042500 ms MarkObjects: 6.921600 ms  DeleteObjects: 0.019700 ms)

AssetImportParameters requested are different than current active one (requested -> active):
  custom:video-decoder-ogg-theora: a1e56fd34408186e4bbccfd4996cb3dc -> 
  custom:container-muxer-webm: aa71ff27fc2769a1b78a27578f13a17b -> 
  custom:container-demuxer-webm: 4f35f7cbe854078d1ac9338744f61a02 -> 
  custom:video-encoder-webm-vp8: eb34c28f22e8b96e1ab97ce403110664 -> 
  custom:audio-encoder-webm-vorbis: bf7c407c2cedff20999df2af8eb42d56 -> 
  custom:framework-win-MediaFoundation: 216162199b28c13a410421893ffa2e32 -> 
  custom:container-demuxer-ogg: 62fdf1f143b41e24485cea50d1cbac27 -> 
  custom:video-decoder-webm-vp8: 9c59270c3fd7afecdb556c50c9e8de78 -> 
  custom:audio-decoder-ogg-vorbis: bf7c407c2cedff20999df2af8eb42d56 -> 
========================================================================
Received Import Request.
  Time since last request: 825.199819 seconds.
  path: Assets/Prefabs/Cartoon_SportCar_B01.prefab
  artifactKey: Guid(a12652f37cabf584a834578506ab9610) Importer(815301076,1909f56bfc062723c751e8b465ee728b)
Start importing Assets/Prefabs/Cartoon_SportCar_B01.prefab using Guid(a12652f37cabf584a834578506ab9610) Importer(815301076,1909f56bfc062723c751e8b465ee728b)  -> (artifact id: '7ad94f90fdd20697a2f422741f140329') in 0.139087 seconds 
========================================================================
Received Import Request.
  Time since last request: 0.000022 seconds.
  path: Assets/Prefabs/tranceCar.prefab
  artifactKey: Guid(202b9ce90e4409245aa344746a2cda82) Importer(815301076,1909f56bfc062723c751e8b465ee728b)
Start importing Assets/Prefabs/tranceCar.prefab using Guid(202b9ce90e4409245aa344746a2cda82) Importer(815301076,1909f56bfc062723c751e8b465ee728b)  -> (artifact id: '9a550a56963d6f10902c8c88f7ea537e') in 0.267325 seconds 
========================================================================
Received Import Request.
  Time since last request: 0.000032 seconds.
  path: Assets/Prefabs/melendiCar.prefab
  artifactKey: Guid(f72a30997c3f82c4caf3a76cd859bff3) Importer(815301076,1909f56bfc062723c751e8b465ee728b)
Start importing Assets/Prefabs/melendiCar.prefab using Guid(f72a30997c3f82c4caf3a76cd859bff3) Importer(815301076,1909f56bfc062723c751e8b465ee728b)  -> (artifact id: '38aa0481f252c2294319ef4965c795a2') in 0.206591 seconds 
========================================================================
Received Import Request.
  Time since last request: 0.000036 seconds.
  path: Assets/Prefabs/flamenquitoCar.prefab
  artifactKey: Guid(71bd67b6b71177d45b900ca8d6cd80b8) Importer(815301076,1909f56bfc062723c751e8b465ee728b)
Start importing Assets/Prefabs/flamenquitoCar.prefab using Guid(71bd67b6b71177d45b900ca8d6cd80b8) Importer(815301076,1909f56bfc062723c751e8b465ee728b)  -> (artifact id: '9add984a94808eef7c90284a59e8b68d') in 0.270825 seconds 
========================================================================
Received Import Request.
  Time since last request: 0.000029 seconds.
  path: Assets/Prefabs/DrillSpeaker.prefab
  artifactKey: Guid(6354b1d79cce46a4e93c412d54d56083) Importer(815301076,1909f56bfc062723c751e8b465ee728b)
Start importing Assets/Prefabs/DrillSpeaker.prefab using Guid(6354b1d79cce46a4e93c412d54d56083) Importer(815301076,1909f56bfc062723c751e8b465ee728b)  -> (artifact id: '21e246e275b949ca303a5a29ef1890e6') in 0.043517 seconds 
========================================================================
Received Import Request.
  Time since last request: 0.000033 seconds.
  path: Assets/Prefabs/ParkingPack.prefab
  artifactKey: Guid(7dee1792d2e54b644951baa9031b9677) Importer(815301076,1909f56bfc062723c751e8b465ee728b)
Start importing Assets/Prefabs/ParkingPack.prefab using Guid(7dee1792d2e54b644951baa9031b9677) Importer(815301076,1909f56bfc062723c751e8b465ee728b)  -> (artifact id: '562097e0a5bb7070f34bb8c494cf0338') in 0.042909 seconds 
========================================================================
Received Import Request.
  Time since last request: 29.461525 seconds.
  path: Assets/POLYGON city pack/Prefabs/Lamps/Lamp_1_prefab.prefab
  artifactKey: Guid(18f34cfb2ff07b34b82a0f8c7d75a020) Importer(815301076,1909f56bfc062723c751e8b465ee728b)
Start importing Assets/POLYGON city pack/Prefabs/Lamps/Lamp_1_prefab.prefab using Guid(18f34cfb2ff07b34b82a0f8c7d75a020) Importer(815301076,1909f56bfc062723c751e8b465ee728b)  -> (artifact id: '8a24ffe96a83eedf7a13dfc1156edaa8') in 0.014565 seconds 
========================================================================
Received Import Request.
  Time since last request: 0.000019 seconds.
  path: Assets/POLYGON city pack/Prefabs/Lamps/Lamp_4_prefab.prefab
  artifactKey: Guid(efbec96b2d3e0b5429a2e20c21fdfeda) Importer(815301076,1909f56bfc062723c751e8b465ee728b)
Start importing Assets/POLYGON city pack/Prefabs/Lamps/Lamp_4_prefab.prefab using Guid(efbec96b2d3e0b5429a2e20c21fdfeda) Importer(815301076,1909f56bfc062723c751e8b465ee728b)  -> (artifact id: 'e6af27cf7c115b38a370770ed502b143') in 0.030311 seconds 
========================================================================
Received Import Request.
  Time since last request: 0.000021 seconds.
  path: Assets/POLYGON city pack/Prefabs/Lamps/Lamp_7_prefab.prefab
  artifactKey: Guid(48c232ddc1938bc40b73a1685a1672b1) Importer(815301076,1909f56bfc062723c751e8b465ee728b)
Start importing Assets/POLYGON city pack/Prefabs/Lamps/Lamp_7_prefab.prefab using Guid(48c232ddc1938bc40b73a1685a1672b1) Importer(815301076,1909f56bfc062723c751e8b465ee728b)  -> (artifact id: 'f8b472f4bc4c2acd2bdb623eb9f47dea') in 0.022260 seconds 
========================================================================
Received Import Request.
  Time since last request: 0.000030 seconds.
  path: Assets/POLYGON city pack/Prefabs/Lamps/Lamp_2_prefab.prefab
  artifactKey: Guid(e4485e1bf16c1634eb7efdd39779175d) Importer(815301076,1909f56bfc062723c751e8b465ee728b)
Start importing Assets/POLYGON city pack/Prefabs/Lamps/Lamp_2_prefab.prefab using Guid(e4485e1bf16c1634eb7efdd39779175d) Importer(815301076,1909f56bfc062723c751e8b465ee728b)  -> (artifact id: '5d75715753cbc4fc75ec6fb6a5e8f8be') in 0.025254 seconds 
========================================================================
Received Import Request.
  Time since last request: 0.000023 seconds.
  path: Assets/POLYGON city pack/Prefabs/Lamps/street lamp 2 prefab.prefab
  artifactKey: Guid(3744e668ae9047e4b9590c326355161c) Importer(815301076,1909f56bfc062723c751e8b465ee728b)
Start importing Assets/POLYGON city pack/Prefabs/Lamps/street lamp 2 prefab.prefab using Guid(3744e668ae9047e4b9590c326355161c) Importer(815301076,1909f56bfc062723c751e8b465ee728b)  -> (artifact id: '7ee412303791ee572d584bf0d3e6e671') in 0.028113 seconds 
========================================================================
Received Import Request.
  Time since last request: 0.000029 seconds.
  path: Assets/POLYGON city pack/Prefabs/Lamps/Lamp_5_prefab.prefab
  artifactKey: Guid(c843625d7d71737438cdcd19ad728753) Importer(815301076,1909f56bfc062723c751e8b465ee728b)
Start importing Assets/POLYGON city pack/Prefabs/Lamps/Lamp_5_prefab.prefab using Guid(c843625d7d71737438cdcd19ad728753) Importer(815301076,1909f56bfc062723c751e8b465ee728b)  -> (artifact id: 'c3b9be9d7b177c9a79875aa8f2481e09') in 0.027639 seconds 
========================================================================
Received Import Request.
  Time since last request: 0.000030 seconds.
  path: Assets/POLYGON city pack/Prefabs/Lamps/Lamp_6_prefab.prefab
  artifactKey: Guid(a0be46bd354c1ae4fa9dce3dfe7a25c1) Importer(815301076,1909f56bfc062723c751e8b465ee728b)
Start importing Assets/POLYGON city pack/Prefabs/Lamps/Lamp_6_prefab.prefab using Guid(a0be46bd354c1ae4fa9dce3dfe7a25c1) Importer(815301076,1909f56bfc062723c751e8b465ee728b)  -> (artifact id: 'e1d9d1c0ece3cd37401206aa640288b2') in 0.036150 seconds 
========================================================================
Received Import Request.
  Time since last request: 0.000028 seconds.
  path: Assets/POLYGON city pack/Prefabs/Lamps/Lamp_3_prefab.prefab
  artifactKey: Guid(7c09194ef6a23a947948e105b6da62b2) Importer(815301076,1909f56bfc062723c751e8b465ee728b)
Start importing Assets/POLYGON city pack/Prefabs/Lamps/Lamp_3_prefab.prefab using Guid(7c09194ef6a23a947948e105b6da62b2) Importer(815301076,1909f56bfc062723c751e8b465ee728b)  -> (artifact id: '519dcc82856e288ead32bbff418494b8') in 0.032638 seconds 
========================================================================
Received Import Request.
  Time since last request: 0.000023 seconds.
  path: Assets/POLYGON city pack/Prefabs/Lamps/street_lamp 1 prefab.prefab
  artifactKey: Guid(6825a3fe8a1605f42a0d0589e582ac40) Importer(815301076,1909f56bfc062723c751e8b465ee728b)
Start importing Assets/POLYGON city pack/Prefabs/Lamps/street_lamp 1 prefab.prefab using Guid(6825a3fe8a1605f42a0d0589e582ac40) Importer(815301076,1909f56bfc062723c751e8b465ee728b)  -> (artifact id: 'f886d6e1d3088dd802d6b62e678381fd') in 0.033884 seconds 
========================================================================
Received Import Request.
  Time since last request: 288.708163 seconds.
  path: Assets/Cartoon SportCar B01/models/Materials/light_AV_02.mat
  artifactKey: Guid(18afa64690bc954489427c69adf1db95) Importer(815301076,1909f56bfc062723c751e8b465ee728b)
Start importing Assets/Cartoon SportCar B01/models/Materials/light_AV_02.mat using Guid(18afa64690bc954489427c69adf1db95) Importer(815301076,1909f56bfc062723c751e8b465ee728b)  -> (artifact id: '17cab79cf5a16569c52bd5b6308b6b29') in 0.058703 seconds 
========================================================================
Received Import Request.
  Time since last request: 0.000030 seconds.
  path: Assets/Cartoon SportCar B01/models/Materials/light_rear_01.mat
  artifactKey: Guid(0beb04dada3a272478c8b22084fb0458) Importer(815301076,1909f56bfc062723c751e8b465ee728b)
Start importing Assets/Cartoon SportCar B01/models/Materials/light_rear_01.mat using Guid(0beb04dada3a272478c8b22084fb0458) Importer(815301076,1909f56bfc062723c751e8b465ee728b)  -> (artifact id: 'd872630dad52d68e4561038e920133b9') in 0.023102 seconds 
========================================================================
Received Import Request.
  Time since last request: 3.714922 seconds.
  path: Assets/Cartoon SportCar B01/Prefab_Car-Toon/Cartoon-SportCar_Unity_setup.prefab
  artifactKey: Guid(ffe00fa3bd41b9a4db665bf728e3c1e1) Importer(815301076,1909f56bfc062723c751e8b465ee728b)
Start importing Assets/Cartoon SportCar B01/Prefab_Car-Toon/Cartoon-SportCar_Unity_setup.prefab using Guid(ffe00fa3bd41b9a4db665bf728e3c1e1) Importer(815301076,1909f56bfc062723c751e8b465ee728b)  -> (artifact id: '56c1aafac14e528d15f1ae2a81963dd5') in 0.311835 seconds 
========================================================================
Received Import Request.
  Time since last request: 0.000033 seconds.
  path: Assets/Cartoon SportCar B01/Prefab_Car-Toon/Cartoon_SportCar_B01.prefab
  artifactKey: Guid(271f6c29f65972d4492013b8893175b2) Importer(815301076,1909f56bfc062723c751e8b465ee728b)
Start importing Assets/Cartoon SportCar B01/Prefab_Car-Toon/Cartoon_SportCar_B01.prefab using Guid(271f6c29f65972d4492013b8893175b2) Importer(815301076,1909f56bfc062723c751e8b465ee728b)  -> (artifact id: 'f18b60cc447ddd10fba9d7f5bf19c8db') in 0.036845 seconds 
========================================================================
Received Prepare
Registering precompiled user dll's ...
Registered in 0.007204 seconds.
Begin MonoManager ReloadAssembly
Symbol file LoadedFromMemory is not a mono symbol file
Native extension for WindowsStandalone target not found
Refreshing native plugins compatible for Editor in 0.72 ms, found 2 plugins.
Preloading 0 native plugins for Editor in 0.00 ms.
Mono: successfully reloaded assembly
- Completed reload, in  1.772 seconds
Domain Reload Profiling:
	ReloadAssembly (1774ms)
		BeginReloadAssembly (185ms)
			ExecutionOrderSort (0ms)
			DisableScriptedObjects (6ms)
			BackupInstance (0ms)
			ReleaseScriptingObjects (0ms)
			CreateAndSetChildDomain (40ms)
		EndReloadAssembly (1446ms)
			LoadAssemblies (141ms)
			RebuildTransferFunctionScriptingTraits (0ms)
			SetupTypeCache (276ms)
			ReleaseScriptCaches (1ms)
			RebuildScriptCaches (51ms)
			SetupLoadedEditorAssemblies (913ms)
				LogAssemblyErrors (0ms)
				InitializePlatformSupportModulesInManaged (24ms)
				SetLoadedEditorAssemblies (1ms)
				RefreshPlugins (1ms)
				BeforeProcessingInitializeOnLoad (273ms)
				ProcessInitializeOnLoadAttributes (515ms)
				ProcessInitializeOnLoadMethodAttributes (65ms)
				AfterProcessingInitializeOnLoad (34ms)
				EditorAssembliesLoaded (0ms)
			ExecutionOrderSort2 (0ms)
			AwakeInstancesAfterBackupRestoration (17ms)
Platform modules already initialized, skipping
Refreshing native plugins compatible for Editor in 1.94 ms, found 2 plugins.
Preloading 0 native plugins for Editor in 0.00 ms.
Unloading 1566 Unused Serialized files (Serialized files now loaded: 0)
Unloading 11 unused Assets / (54.2 KB). Loaded Objects now: 2104.
Memory consumption went from 78.2 MB to 78.2 MB.
Total: 3.576900 ms (FindLiveObjects: 0.163800 ms CreateObjectMapping: 0.046000 ms MarkObjects: 3.257100 ms  DeleteObjects: 0.108800 ms)

AssetImportParameters requested are different than current active one (requested -> active):
  custom:video-decoder-ogg-theora: a1e56fd34408186e4bbccfd4996cb3dc -> 
  custom:container-muxer-webm: aa71ff27fc2769a1b78a27578f13a17b -> 
  custom:container-demuxer-webm: 4f35f7cbe854078d1ac9338744f61a02 -> 
  custom:video-encoder-webm-vp8: eb34c28f22e8b96e1ab97ce403110664 -> 
  custom:audio-encoder-webm-vorbis: bf7c407c2cedff20999df2af8eb42d56 -> 
  custom:framework-win-MediaFoundation: 216162199b28c13a410421893ffa2e32 -> 
  custom:container-demuxer-ogg: 62fdf1f143b41e24485cea50d1cbac27 -> 
  custom:video-decoder-webm-vp8: 9c59270c3fd7afecdb556c50c9e8de78 -> 
  custom:audio-decoder-ogg-vorbis: bf7c407c2cedff20999df2af8eb42d56 -> 
========================================================================
Received Import Request.
  Time since last request: 318.412630 seconds.
  path: Assets/Prefabs/redCar.prefab
  artifactKey: Guid(d760067f6dcb2b0438f3c07fe13f7595) Importer(815301076,1909f56bfc062723c751e8b465ee728b)
Start importing Assets/Prefabs/redCar.prefab using Guid(d760067f6dcb2b0438f3c07fe13f7595) Importer(815301076,1909f56bfc062723c751e8b465ee728b)  -> (artifact id: 'd39bc2faa29ae095f68b0689c2686c88') in 0.148590 seconds 
========================================================================
Received Import Request.
  Time since last request: 2.972655 seconds.
  path: Assets/Prefabs/redCar 1.prefab
  artifactKey: Guid(dfa70eb6414e38a48aae5e4d9695a472) Importer(815301076,1909f56bfc062723c751e8b465ee728b)
Start importing Assets/Prefabs/redCar 1.prefab using Guid(dfa70eb6414e38a48aae5e4d9695a472) Importer(815301076,1909f56bfc062723c751e8b465ee728b)  -> (artifact id: '57d9fac323f21b7508d56d57371e0133') in 0.033169 seconds 
========================================================================
Received Import Request.
  Time since last request: 1.495275 seconds.
  path: Assets/Prefabs/redCar 2.prefab
  artifactKey: Guid(019f3667ba4e4cd4cb0ef9f50cab21e7) Importer(815301076,1909f56bfc062723c751e8b465ee728b)
Start importing Assets/Prefabs/redCar 2.prefab using Guid(019f3667ba4e4cd4cb0ef9f50cab21e7) Importer(815301076,1909f56bfc062723c751e8b465ee728b)  -> (artifact id: '17835db9e8291de3846a6a656e627771') in 0.029133 seconds 
========================================================================
Received Import Request.
  Time since last request: 3.713828 seconds.
  path: Assets/Prefabs/redCar 3.prefab
  artifactKey: Guid(4c132f34e60762e41b137c97a2417733) Importer(815301076,1909f56bfc062723c751e8b465ee728b)
Start importing Assets/Prefabs/redCar 3.prefab using Guid(4c132f34e60762e41b137c97a2417733) Importer(815301076,1909f56bfc062723c751e8b465ee728b)  -> (artifact id: '1651671788a38f1eeaa794d22bce3018') in 0.030699 seconds 
========================================================================
Received Import Request.
  Time since last request: 2.031841 seconds.
  path: Assets/Prefabs/redCar 4.prefab
  artifactKey: Guid(d3a32d85b927aa44a8e4755abbd0b409) Importer(815301076,1909f56bfc062723c751e8b465ee728b)
Start importing Assets/Prefabs/redCar 4.prefab using Guid(d3a32d85b927aa44a8e4755abbd0b409) Importer(815301076,1909f56bfc062723c751e8b465ee728b)  -> (artifact id: 'a0a0ccce44aaf96d50f58fccb7e9c9cb') in 0.028113 seconds 
========================================================================
Received Import Request.
  Time since last request: 3.889223 seconds.
  path: Assets/Prefabs/Material Prefabs/flamenquitoCar 1.mat
  artifactKey: Guid(3062109a0a43b854989463838fa77106) Importer(815301076,1909f56bfc062723c751e8b465ee728b)
Start importing Assets/Prefabs/Material Prefabs/flamenquitoCar 1.mat using Guid(3062109a0a43b854989463838fa77106) Importer(815301076,1909f56bfc062723c751e8b465ee728b)  -> (artifact id: '8da18188bab4d8bd65feeec13d681b59') in 0.036398 seconds 
========================================================================
Received Import Request.
  Time since last request: 0.000022 seconds.
  path: Assets/Prefabs/Material Prefabs/leopard.png
  artifactKey: Guid(259ba063302e9434aa1121afc1918e9e) Importer(815301076,1909f56bfc062723c751e8b465ee728b)
Start importing Assets/Prefabs/Material Prefabs/leopard.png using Guid(259ba063302e9434aa1121afc1918e9e) Importer(815301076,1909f56bfc062723c751e8b465ee728b)  -> (artifact id: '125952c317950144746bb722be8e6d02') in 0.041702 seconds 
========================================================================
Received Import Request.
  Time since last request: 0.000026 seconds.
  path: Assets/Prefabs/Material Prefabs/peace.jpg
  artifactKey: Guid(f92ad6b29a1fac4448eb7036ea69093c) Importer(815301076,1909f56bfc062723c751e8b465ee728b)
Start importing Assets/Prefabs/Material Prefabs/peace.jpg using Guid(f92ad6b29a1fac4448eb7036ea69093c) Importer(815301076,1909f56bfc062723c751e8b465ee728b)  -> (artifact id: 'a766153218892496b813d7f42d98bc0b') in 0.037781 seconds 
========================================================================
Received Import Request.
  Time since last request: 0.000041 seconds.
  path: Assets/Prefabs/Material Prefabs/melendi.jpg
  artifactKey: Guid(d1ca645d409329140aeec384af7ba3c3) Importer(815301076,1909f56bfc062723c751e8b465ee728b)
Start importing Assets/Prefabs/Material Prefabs/melendi.jpg using Guid(d1ca645d409329140aeec384af7ba3c3) Importer(815301076,1909f56bfc062723c751e8b465ee728b)  -> (artifact id: '44386e6ade22dff2d7a099248415a39f') in 0.022113 seconds 
========================================================================
Received Import Request.
  Time since last request: 0.000023 seconds.
  path: Assets/Prefabs/Material Prefabs/melendiCar_Door.mat
  artifactKey: Guid(9001a55bacb6e5e4b9583cdface9fed9) Importer(815301076,1909f56bfc062723c751e8b465ee728b)
Start importing Assets/Prefabs/Material Prefabs/melendiCar_Door.mat using Guid(9001a55bacb6e5e4b9583cdface9fed9) Importer(815301076,1909f56bfc062723c751e8b465ee728b)  -> (artifact id: '5e7ba5b74be097f37fc3bf415d184b3f') in 0.023626 seconds 
========================================================================
Received Import Request.
  Time since last request: 0.000019 seconds.
  path: Assets/Prefabs/Material Prefabs/tranceCar.mat
  artifactKey: Guid(bd057c7b68b1eeb4d8f53caa87ae582c) Importer(815301076,1909f56bfc062723c751e8b465ee728b)
Start importing Assets/Prefabs/Material Prefabs/tranceCar.mat using Guid(bd057c7b68b1eeb4d8f53caa87ae582c) Importer(815301076,1909f56bfc062723c751e8b465ee728b)  -> (artifact id: '9c47ba452963bcaa6b5a28be6b3ce460') in 0.025918 seconds 
========================================================================
Received Import Request.
  Time since last request: 0.000019 seconds.
  path: Assets/Prefabs/Material Prefabs/melendiCar_body.mat
  artifactKey: Guid(119e113ba542a0147a65cb8128ec30d6) Importer(815301076,1909f56bfc062723c751e8b465ee728b)
Start importing Assets/Prefabs/Material Prefabs/melendiCar_body.mat using Guid(119e113ba542a0147a65cb8128ec30d6) Importer(815301076,1909f56bfc062723c751e8b465ee728b)  -> (artifact id: 'fe3a399228d597894168eb3fc3d73a29') in 0.029801 seconds 
========================================================================
Received Import Request.
  Time since last request: 0.000022 seconds.
  path: Assets/Prefabs/Material Prefabs/flamenquitoCar.mat
  artifactKey: Guid(9d55d8a095266084d838a33ef3fb2595) Importer(815301076,1909f56bfc062723c751e8b465ee728b)
Start importing Assets/Prefabs/Material Prefabs/flamenquitoCar.mat using Guid(9d55d8a095266084d838a33ef3fb2595) Importer(815301076,1909f56bfc062723c751e8b465ee728b)  -> (artifact id: 'a0c428531daa47834afd0a6515bba41b') in 0.025139 seconds 
========================================================================
Received Import Request.
  Time since last request: 0.000023 seconds.
  path: Assets/Prefabs/Material Prefabs/melendiCar_front.mat
  artifactKey: Guid(909df58ce3a0e694b9eaf64765dd5e18) Importer(815301076,1909f56bfc062723c751e8b465ee728b)
Start importing Assets/Prefabs/Material Prefabs/melendiCar_front.mat using Guid(909df58ce3a0e694b9eaf64765dd5e18) Importer(815301076,1909f56bfc062723c751e8b465ee728b)  -> (artifact id: 'cdbaadc400bf23cdab31d2a04c5c3d97') in 0.022561 seconds 
========================================================================
Received Import Request.
  Time since last request: 16.777009 seconds.
  path: Assets/Prefabs/Material Prefabs/redCar.mat
  artifactKey: Guid(df92b56db46cac143995297c52743d7b) Importer(815301076,1909f56bfc062723c751e8b465ee728b)
Start importing Assets/Prefabs/Material Prefabs/redCar.mat using Guid(df92b56db46cac143995297c52743d7b) Importer(815301076,1909f56bfc062723c751e8b465ee728b)  -> (artifact id: 'de8ea4b63ce202c52a2f4d577a578ab5') in 0.018500 seconds 
========================================================================
Received Import Request.
  Time since last request: 66.592862 seconds.
  path: Assets/Prefabs/Material Prefabs/redCar 1.mat
  artifactKey: Guid(ff449d3f12af4ab4fa71a03afd84e154) Importer(815301076,1909f56bfc062723c751e8b465ee728b)
Start importing Assets/Prefabs/Material Prefabs/redCar 1.mat using Guid(ff449d3f12af4ab4fa71a03afd84e154) Importer(815301076,1909f56bfc062723c751e8b465ee728b)  -> (artifact id: '465cbaca64c88940b25f6b7da92f7d49') in 0.014908 seconds 
========================================================================
Received Import Request.
  Time since last request: 0.000039 seconds.
  path: Assets/Prefabs/Material Prefabs/redCar.mat
  artifactKey: Guid(df92b56db46cac143995297c52743d7b) Importer(815301076,1909f56bfc062723c751e8b465ee728b)
Start importing Assets/Prefabs/Material Prefabs/redCar.mat using Guid(df92b56db46cac143995297c52743d7b) Importer(815301076,1909f56bfc062723c751e8b465ee728b)  -> (artifact id: '3acaf6e8c1cf78c7cb2876b342ecd50e') in 0.021135 seconds 
========================================================================
Received Import Request.
  Time since last request: 4.337456 seconds.
  path: Assets/Prefabs/Material Prefabs/redCar 2.mat
  artifactKey: Guid(a0bce42e7745c96459febe1dd8999f24) Importer(815301076,1909f56bfc062723c751e8b465ee728b)
Start importing Assets/Prefabs/Material Prefabs/redCar 2.mat using Guid(a0bce42e7745c96459febe1dd8999f24) Importer(815301076,1909f56bfc062723c751e8b465ee728b)  -> (artifact id: 'be104c7e6961aa283af4dabd898d1674') in 0.016398 seconds 
========================================================================
Received Import Request.
  Time since last request: 0.664405 seconds.
  path: Assets/Prefabs/Material Prefabs/redCar 3.mat
  artifactKey: Guid(ad047d2625754c1449c602aa8baf46e3) Importer(815301076,1909f56bfc062723c751e8b465ee728b)
Start importing Assets/Prefabs/Material Prefabs/redCar 3.mat using Guid(ad047d2625754c1449c602aa8baf46e3) Importer(815301076,1909f56bfc062723c751e8b465ee728b)  -> (artifact id: '0d4c80fe935631de04ce162a8aedb2ee') in 0.014800 seconds 
========================================================================
Received Import Request.
  Time since last request: 15.707512 seconds.
  path: Assets/Prefabs/redCar.prefab
  artifactKey: Guid(d760067f6dcb2b0438f3c07fe13f7595) Importer(815301076,1909f56bfc062723c751e8b465ee728b)
Start importing Assets/Prefabs/redCar.prefab using Guid(d760067f6dcb2b0438f3c07fe13f7595) Importer(815301076,1909f56bfc062723c751e8b465ee728b)  -> (artifact id: '260aacc8710f45b243612ee1ec816eb0') in 0.027602 seconds 
========================================================================
Received Import Request.
  Time since last request: 21.036119 seconds.
  path: Assets/Prefabs
  artifactKey: Guid(db6587ff3da073c4581af9c87816eb55) Importer(815301076,1909f56bfc062723c751e8b465ee728b)
Start importing Assets/Prefabs using Guid(db6587ff3da073c4581af9c87816eb55) Importer(815301076,1909f56bfc062723c751e8b465ee728b)  -> (artifact id: '1a2579cef69052e3ed7a382b522cc99c') in 0.022624 seconds 
========================================================================
Received Import Request.
  Time since last request: 26.121647 seconds.
  path: Assets/Prefabs/Material Prefabs
  artifactKey: Guid(4a0ce0c5407a1d64e8c4d79728bba086) Importer(815301076,1909f56bfc062723c751e8b465ee728b)
Start importing Assets/Prefabs/Material Prefabs using Guid(4a0ce0c5407a1d64e8c4d79728bba086) Importer(815301076,1909f56bfc062723c751e8b465ee728b)  -> (artifact id: 'd501fdc56af9c1def7b5b3becea801bf') in 0.009501 seconds 
========================================================================
Received Import Request.
  Time since last request: 8.435085 seconds.
  path: Assets/Prefabs/Material Prefabs/blueCar.mat
  artifactKey: Guid(ff449d3f12af4ab4fa71a03afd84e154) Importer(815301076,1909f56bfc062723c751e8b465ee728b)
Start importing Assets/Prefabs/Material Prefabs/blueCar.mat using Guid(ff449d3f12af4ab4fa71a03afd84e154) Importer(815301076,1909f56bfc062723c751e8b465ee728b)  -> (artifact id: '5067e352a982120a01d97edbebf7fa1c') in 0.015039 seconds 
========================================================================
Received Import Request.
  Time since last request: 65.685242 seconds.
  path: Assets/Prefabs/Material Prefabs/whiteCar.mat
  artifactKey: Guid(ad047d2625754c1449c602aa8baf46e3) Importer(815301076,1909f56bfc062723c751e8b465ee728b)
Start importing Assets/Prefabs/Material Prefabs/whiteCar.mat using Guid(ad047d2625754c1449c602aa8baf46e3) Importer(815301076,1909f56bfc062723c751e8b465ee728b)  -> (artifact id: '773dcee82ba60d36f7febee1bd6e130a') in 0.019454 seconds 
========================================================================
Received Import Request.
  Time since last request: 49.882041 seconds.
  path: Assets/Prefabs/Material Prefabs/greyCar.mat
  artifactKey: Guid(a0bce42e7745c96459febe1dd8999f24) Importer(815301076,1909f56bfc062723c751e8b465ee728b)
Start importing Assets/Prefabs/Material Prefabs/greyCar.mat using Guid(a0bce42e7745c96459febe1dd8999f24) Importer(815301076,1909f56bfc062723c751e8b465ee728b)  -> (artifact id: 'a57049a145347b95b415d034dadf9d5c') in 0.017693 seconds 
========================================================================
Received Import Request.
  Time since last request: 60.528447 seconds.
  path: Assets/Prefabs/Material Prefabs/blueCar.mat
  artifactKey: Guid(ff449d3f12af4ab4fa71a03afd84e154) Importer(815301076,1909f56bfc062723c751e8b465ee728b)
Start importing Assets/Prefabs/Material Prefabs/blueCar.mat using Guid(ff449d3f12af4ab4fa71a03afd84e154) Importer(815301076,1909f56bfc062723c751e8b465ee728b)  -> (artifact id: '9e5882fcf6b521bf9b1eb35ba2414413') in 0.018839 seconds 
========================================================================
Received Import Request.
  Time since last request: 0.000041 seconds.
  path: Assets/Prefabs/Material Prefabs/greyCar 1.mat
  artifactKey: Guid(758a7d155bcd4c84a9ef61af0330a330) Importer(815301076,1909f56bfc062723c751e8b465ee728b)
Start importing Assets/Prefabs/Material Prefabs/greyCar 1.mat using Guid(758a7d155bcd4c84a9ef61af0330a330) Importer(815301076,1909f56bfc062723c751e8b465ee728b)  -> (artifact id: '64238387bb20e483fecfa4c5148b6921') in 0.026249 seconds 
========================================================================
Received Import Request.
  Time since last request: 0.000021 seconds.
  path: Assets/Prefabs/Material Prefabs/greyCar.mat
  artifactKey: Guid(a0bce42e7745c96459febe1dd8999f24) Importer(815301076,1909f56bfc062723c751e8b465ee728b)
Start importing Assets/Prefabs/Material Prefabs/greyCar.mat using Guid(a0bce42e7745c96459febe1dd8999f24) Importer(815301076,1909f56bfc062723c751e8b465ee728b)  -> (artifact id: '868a66dbcf4f176604f90e171afecb4c') in 0.010534 seconds 
========================================================================
Received Import Request.
  Time since last request: 0.000023 seconds.
  path: Assets/Prefabs/Material Prefabs/whiteCar.mat
  artifactKey: Guid(ad047d2625754c1449c602aa8baf46e3) Importer(815301076,1909f56bfc062723c751e8b465ee728b)
Start importing Assets/Prefabs/Material Prefabs/whiteCar.mat using Guid(ad047d2625754c1449c602aa8baf46e3) Importer(815301076,1909f56bfc062723c751e8b465ee728b)  -> (artifact id: '95ac174f04e259b406da73f670650ff4') in 0.019703 seconds 
========================================================================
Received Import Request.
  Time since last request: 3.501918 seconds.
  path: Assets/Prefabs/Material Prefabs/greyCar 2.mat
  artifactKey: Guid(758a7d155bcd4c84a9ef61af0330a330) Importer(815301076,1909f56bfc062723c751e8b465ee728b)
Start importing Assets/Prefabs/Material Prefabs/greyCar 2.mat using Guid(758a7d155bcd4c84a9ef61af0330a330) Importer(815301076,1909f56bfc062723c751e8b465ee728b)  -> (artifact id: 'd5f92fa0c79a6e5c83196b8f25240556') in 0.015914 seconds 
========================================================================
Received Import Request.
  Time since last request: 61.476757 seconds.
  path: Assets/Prefabs/blueCar.prefab
  artifactKey: Guid(6d431a24335e707408ba887e91b7831c) Importer(815301076,1909f56bfc062723c751e8b465ee728b)
Start importing Assets/Prefabs/blueCar.prefab using Guid(6d431a24335e707408ba887e91b7831c) Importer(815301076,1909f56bfc062723c751e8b465ee728b)  -> (artifact id: '6f128b196168ab5a519e8a9f16cffbc0') in 0.024493 seconds 
========================================================================
Received Import Request.
  Time since last request: 10.519808 seconds.
  path: Assets/Prefabs/whiteCar.prefab
  artifactKey: Guid(560c0d3907b2d454ea9808850d4c1a25) Importer(815301076,1909f56bfc062723c751e8b465ee728b)
Start importing Assets/Prefabs/whiteCar.prefab using Guid(560c0d3907b2d454ea9808850d4c1a25) Importer(815301076,1909f56bfc062723c751e8b465ee728b)  -> (artifact id: '0bc69864b1766db4fee732075ab07238') in 0.024440 seconds 
========================================================================
Received Import Request.
  Time since last request: 8.648402 seconds.
  path: Assets/Prefabs/greyCar.prefab
  artifactKey: Guid(2fac8f8ab37cb444aa49f4a96994fa14) Importer(815301076,1909f56bfc062723c751e8b465ee728b)
Start importing Assets/Prefabs/greyCar.prefab using Guid(2fac8f8ab37cb444aa49f4a96994fa14) Importer(815301076,1909f56bfc062723c751e8b465ee728b)  -> (artifact id: 'ec8e769b878f54a31995bd23e0eb8613') in 0.026692 seconds 
========================================================================
Received Import Request.
  Time since last request: 9.365800 seconds.
  path: Assets/Prefabs/grey2Car.prefab
  artifactKey: Guid(d8d7d9ef1dd570e4d98baa127d0c1948) Importer(815301076,1909f56bfc062723c751e8b465ee728b)
Start importing Assets/Prefabs/grey2Car.prefab using Guid(d8d7d9ef1dd570e4d98baa127d0c1948) Importer(815301076,1909f56bfc062723c751e8b465ee728b)  -> (artifact id: '4e02eb76f30fb82fb310a94318f18fbe') in 0.048333 seconds 
========================================================================
Received Prepare
Registering precompiled user dll's ...
Registered in 0.004927 seconds.
Begin MonoManager ReloadAssembly
Symbol file LoadedFromMemory is not a mono symbol file
Native extension for WindowsStandalone target not found
Refreshing native plugins compatible for Editor in 0.54 ms, found 2 plugins.
Preloading 0 native plugins for Editor in 0.00 ms.
Mono: successfully reloaded assembly
- Completed reload, in  1.680 seconds
Domain Reload Profiling:
	ReloadAssembly (1681ms)
		BeginReloadAssembly (185ms)
			ExecutionOrderSort (0ms)
			DisableScriptedObjects (6ms)
			BackupInstance (0ms)
			ReleaseScriptingObjects (0ms)
			CreateAndSetChildDomain (47ms)
		EndReloadAssembly (1364ms)
			LoadAssemblies (132ms)
			RebuildTransferFunctionScriptingTraits (0ms)
			SetupTypeCache (214ms)
			ReleaseScriptCaches (1ms)
			RebuildScriptCaches (61ms)
			SetupLoadedEditorAssemblies (888ms)
				LogAssemblyErrors (0ms)
				InitializePlatformSupportModulesInManaged (22ms)
				SetLoadedEditorAssemblies (1ms)
				RefreshPlugins (1ms)
				BeforeProcessingInitializeOnLoad (70ms)
				ProcessInitializeOnLoadAttributes (708ms)
				ProcessInitializeOnLoadMethodAttributes (54ms)
				AfterProcessingInitializeOnLoad (34ms)
				EditorAssembliesLoaded (0ms)
			ExecutionOrderSort2 (0ms)
			AwakeInstancesAfterBackupRestoration (19ms)
Platform modules already initialized, skipping
Refreshing native plugins compatible for Editor in 1.82 ms, found 2 plugins.
Preloading 0 native plugins for Editor in 0.00 ms.
Unloading 1566 Unused Serialized files (Serialized files now loaded: 0)
Unloading 9 unused Assets / (24.6 KB). Loaded Objects now: 2108.
Memory consumption went from 78.8 MB to 78.8 MB.
Total: 3.462900 ms (FindLiveObjects: 0.201800 ms CreateObjectMapping: 0.057700 ms MarkObjects: 3.181200 ms  DeleteObjects: 0.020800 ms)

AssetImportParameters requested are different than current active one (requested -> active):
  custom:video-decoder-ogg-theora: a1e56fd34408186e4bbccfd4996cb3dc -> 
  custom:container-muxer-webm: aa71ff27fc2769a1b78a27578f13a17b -> 
  custom:container-demuxer-webm: 4f35f7cbe854078d1ac9338744f61a02 -> 
  custom:video-encoder-webm-vp8: eb34c28f22e8b96e1ab97ce403110664 -> 
  custom:audio-encoder-webm-vorbis: bf7c407c2cedff20999df2af8eb42d56 -> 
  custom:framework-win-MediaFoundation: 216162199b28c13a410421893ffa2e32 -> 
  custom:container-demuxer-ogg: 62fdf1f143b41e24485cea50d1cbac27 -> 
  custom:video-decoder-webm-vp8: 9c59270c3fd7afecdb556c50c9e8de78 -> 
  custom:audio-decoder-ogg-vorbis: bf7c407c2cedff20999df2af8eb42d56 -> 
========================================================================
Received Prepare
Registering precompiled user dll's ...
Registered in 0.004055 seconds.
Begin MonoManager ReloadAssembly
Symbol file LoadedFromMemory is not a mono symbol file
Native extension for WindowsStandalone target not found
Refreshing native plugins compatible for Editor in 0.59 ms, found 2 plugins.
Preloading 0 native plugins for Editor in 0.00 ms.
Mono: successfully reloaded assembly
- Completed reload, in  3.501 seconds
Domain Reload Profiling:
	ReloadAssembly (3504ms)
		BeginReloadAssembly (278ms)
			ExecutionOrderSort (0ms)
			DisableScriptedObjects (14ms)
			BackupInstance (0ms)
			ReleaseScriptingObjects (0ms)
			CreateAndSetChildDomain (50ms)
		EndReloadAssembly (2992ms)
			LoadAssemblies (231ms)
			RebuildTransferFunctionScriptingTraits (0ms)
			SetupTypeCache (848ms)
			ReleaseScriptCaches (1ms)
			RebuildScriptCaches (185ms)
			SetupLoadedEditorAssemblies (1418ms)
				LogAssemblyErrors (0ms)
				InitializePlatformSupportModulesInManaged (97ms)
				SetLoadedEditorAssemblies (1ms)
				RefreshPlugins (1ms)
				BeforeProcessingInitializeOnLoad (227ms)
				ProcessInitializeOnLoadAttributes (892ms)
				ProcessInitializeOnLoadMethodAttributes (134ms)
				AfterProcessingInitializeOnLoad (65ms)
				EditorAssembliesLoaded (0ms)
			ExecutionOrderSort2 (0ms)
			AwakeInstancesAfterBackupRestoration (30ms)
Platform modules already initialized, skipping
Refreshing native plugins compatible for Editor in 2.00 ms, found 2 plugins.
Preloading 0 native plugins for Editor in 0.00 ms.
Unloading 1566 Unused Serialized files (Serialized files now loaded: 0)
Unloading 9 unused Assets / (24.7 KB). Loaded Objects now: 2111.
Memory consumption went from 78.8 MB to 78.8 MB.
Total: 4.807800 ms (FindLiveObjects: 0.173300 ms CreateObjectMapping: 0.083200 ms MarkObjects: 4.531300 ms  DeleteObjects: 0.019000 ms)

AssetImportParameters requested are different than current active one (requested -> active):
  custom:video-decoder-ogg-theora: a1e56fd34408186e4bbccfd4996cb3dc -> 
  custom:container-muxer-webm: aa71ff27fc2769a1b78a27578f13a17b -> 
  custom:container-demuxer-webm: 4f35f7cbe854078d1ac9338744f61a02 -> 
  custom:video-encoder-webm-vp8: eb34c28f22e8b96e1ab97ce403110664 -> 
  custom:audio-encoder-webm-vorbis: bf7c407c2cedff20999df2af8eb42d56 -> 
  custom:framework-win-MediaFoundation: 216162199b28c13a410421893ffa2e32 -> 
  custom:container-demuxer-ogg: 62fdf1f143b41e24485cea50d1cbac27 -> 
  custom:video-decoder-webm-vp8: 9c59270c3fd7afecdb556c50c9e8de78 -> 
  custom:audio-decoder-ogg-vorbis: bf7c407c2cedff20999df2af8eb42d56 -> 
========================================================================
Received Prepare
Registering precompiled user dll's ...
Registered in 0.011631 seconds.
Begin MonoManager ReloadAssembly
Symbol file LoadedFromMemory is not a mono symbol file
Native extension for WindowsStandalone target not found
Refreshing native plugins compatible for Editor in 0.70 ms, found 2 plugins.
Preloading 0 native plugins for Editor in 0.00 ms.
Mono: successfully reloaded assembly
- Completed reload, in  3.217 seconds
Domain Reload Profiling:
	ReloadAssembly (3218ms)
		BeginReloadAssembly (236ms)
			ExecutionOrderSort (0ms)
			DisableScriptedObjects (12ms)
			BackupInstance (0ms)
			ReleaseScriptingObjects (0ms)
			CreateAndSetChildDomain (54ms)
		EndReloadAssembly (2804ms)
			LoadAssemblies (166ms)
			RebuildTransferFunctionScriptingTraits (0ms)
			SetupTypeCache (516ms)
			ReleaseScriptCaches (9ms)
			RebuildScriptCaches (192ms)
			SetupLoadedEditorAssemblies (1546ms)
				LogAssemblyErrors (0ms)
				InitializePlatformSupportModulesInManaged (66ms)
				SetLoadedEditorAssemblies (1ms)
				RefreshPlugins (1ms)
				BeforeProcessingInitializeOnLoad (239ms)
				ProcessInitializeOnLoadAttributes (1060ms)
				ProcessInitializeOnLoadMethodAttributes (120ms)
				AfterProcessingInitializeOnLoad (59ms)
				EditorAssembliesLoaded (0ms)
			ExecutionOrderSort2 (0ms)
			AwakeInstancesAfterBackupRestoration (27ms)
Platform modules already initialized, skipping
Refreshing native plugins compatible for Editor in 2.03 ms, found 2 plugins.
Preloading 0 native plugins for Editor in 0.00 ms.
Unloading 1566 Unused Serialized files (Serialized files now loaded: 0)
Unloading 9 unused Assets / (24.7 KB). Loaded Objects now: 2114.
Memory consumption went from 78.8 MB to 78.8 MB.
Total: 4.014500 ms (FindLiveObjects: 0.247600 ms CreateObjectMapping: 0.151900 ms MarkObjects: 3.577900 ms  DeleteObjects: 0.035500 ms)

AssetImportParameters requested are different than current active one (requested -> active):
  custom:video-decoder-ogg-theora: a1e56fd34408186e4bbccfd4996cb3dc -> 
  custom:container-muxer-webm: aa71ff27fc2769a1b78a27578f13a17b -> 
  custom:container-demuxer-webm: 4f35f7cbe854078d1ac9338744f61a02 -> 
  custom:video-encoder-webm-vp8: eb34c28f22e8b96e1ab97ce403110664 -> 
  custom:audio-encoder-webm-vorbis: bf7c407c2cedff20999df2af8eb42d56 -> 
  custom:framework-win-MediaFoundation: 216162199b28c13a410421893ffa2e32 -> 
  custom:container-demuxer-ogg: 62fdf1f143b41e24485cea50d1cbac27 -> 
  custom:video-decoder-webm-vp8: 9c59270c3fd7afecdb556c50c9e8de78 -> 
  custom:audio-decoder-ogg-vorbis: bf7c407c2cedff20999df2af8eb42d56 -> 
========================================================================
Received Prepare
Registering precompiled user dll's ...
Registered in 0.004451 seconds.
Begin MonoManager ReloadAssembly
Symbol file LoadedFromMemory is not a mono symbol file
Native extension for WindowsStandalone target not found
Refreshing native plugins compatible for Editor in 0.66 ms, found 2 plugins.
Preloading 0 native plugins for Editor in 0.00 ms.
Mono: successfully reloaded assembly
- Completed reload, in  2.685 seconds
Domain Reload Profiling:
	ReloadAssembly (2686ms)
		BeginReloadAssembly (212ms)
			ExecutionOrderSort (0ms)
			DisableScriptedObjects (9ms)
			BackupInstance (0ms)
			ReleaseScriptingObjects (0ms)
			CreateAndSetChildDomain (37ms)
		EndReloadAssembly (2307ms)
			LoadAssemblies (162ms)
			RebuildTransferFunctionScriptingTraits (0ms)
			SetupTypeCache (297ms)
			ReleaseScriptCaches (1ms)
			RebuildScriptCaches (253ms)
			SetupLoadedEditorAssemblies (1146ms)
				LogAssemblyErrors (0ms)
				InitializePlatformSupportModulesInManaged (52ms)
				SetLoadedEditorAssemblies (1ms)
				RefreshPlugins (1ms)
				BeforeProcessingInitializeOnLoad (254ms)
				ProcessInitializeOnLoadAttributes (713ms)
				ProcessInitializeOnLoadMethodAttributes (72ms)
				AfterProcessingInitializeOnLoad (52ms)
				EditorAssembliesLoaded (1ms)
			ExecutionOrderSort2 (0ms)
			AwakeInstancesAfterBackupRestoration (28ms)
Platform modules already initialized, skipping
Refreshing native plugins compatible for Editor in 8.22 ms, found 2 plugins.
Preloading 0 native plugins for Editor in 0.00 ms.
Unloading 1566 Unused Serialized files (Serialized files now loaded: 0)
Unloading 9 unused Assets / (24.7 KB). Loaded Objects now: 2117.
Memory consumption went from 78.8 MB to 78.8 MB.
Total: 8.864800 ms (FindLiveObjects: 0.315700 ms CreateObjectMapping: 0.147400 ms MarkObjects: 8.381000 ms  DeleteObjects: 0.019300 ms)

AssetImportParameters requested are different than current active one (requested -> active):
  custom:video-decoder-ogg-theora: a1e56fd34408186e4bbccfd4996cb3dc -> 
  custom:container-muxer-webm: aa71ff27fc2769a1b78a27578f13a17b -> 
  custom:container-demuxer-webm: 4f35f7cbe854078d1ac9338744f61a02 -> 
  custom:video-encoder-webm-vp8: eb34c28f22e8b96e1ab97ce403110664 -> 
  custom:audio-encoder-webm-vorbis: bf7c407c2cedff20999df2af8eb42d56 -> 
  custom:framework-win-MediaFoundation: 216162199b28c13a410421893ffa2e32 -> 
  custom:container-demuxer-ogg: 62fdf1f143b41e24485cea50d1cbac27 -> 
  custom:video-decoder-webm-vp8: 9c59270c3fd7afecdb556c50c9e8de78 -> 
  custom:audio-decoder-ogg-vorbis: bf7c407c2cedff20999df2af8eb42d56 -> 
========================================================================
Received Import Request.
  Time since last request: 6906.324911 seconds.
  path: Assets/Prefabs/grey2Car.prefab
  artifactKey: Guid(d8d7d9ef1dd570e4d98baa127d0c1948) Importer(815301076,1909f56bfc062723c751e8b465ee728b)
Start importing Assets/Prefabs/grey2Car.prefab using Guid(d8d7d9ef1dd570e4d98baa127d0c1948) Importer(815301076,1909f56bfc062723c751e8b465ee728b)  -> (artifact id: '4aba373d24c801a2a4cd0defca3a65b3') in 0.817339 seconds 
